<?xml version="1.0" encoding="UTF-8"?><testsuite errors="0" failures="0" name="co.in.gorest.studentinfo.UsersCURDTestWithSteps" skipped="0" tests="4" time="14.46" timestamp="2023-01-04T16:26:22.152Z[Europe/London]"><testcase classname="co.in.gorest.studentinfo.UsersCURDTestWithSteps" name="This will create a new User"/><testcase classname="co.in.gorest.studentinfo.UsersCURDTestWithSteps" name="Verify if the User was added to the application"/><testcase classname="co.in.gorest.studentinfo.UsersCURDTestWithSteps" name="Update the user information and verify the updated information"/><testcase classname="co.in.gorest.studentinfo.UsersCURDTestWithSteps" name="Delete the student and verify if the student is deleted!"/></testsuite>